Logfile initialized
[INFO] logfile = /Users/klejnieks/noroso/titanium/multidevice_tabbed_app/sample multidevice tabbed application/build.log
[DEBUG] /Users/klejnieks/Library/Application Support/Titanium/mobilesdk/osx/2.1.2.GA/android/builder.py simulator sample multidevice tabbed application /Users/klejnieks/Android/android-sdk-macosx /Users/klejnieks/noroso/titanium/multidevice_tabbed_app/sample multidevice tabbed application com.noroso.mdmp 54 WXGA800 /127.0.0.1:55080
[INFO] Building sample multidevice tabbed application for Android ... one moment
[INFO] Titanium SDK version: 2.1.2 (08/24/12 14:46 ed7f777)
[DEBUG] Waiting for device to be ready ...
[TRACE] adb devices returned 1 devices/emulators
[TRACE] adb devices returned 1 devices/emulators
[TRACE] adb devices returned 1 devices/emulators
[TRACE] adb devices returned 1 devices/emulators
[TRACE] adb devices returned 1 devices/emulators
[INFO] Android Emulator has exited
[TRACE] adb devices returned 1 devices/emulators
[TRACE] adb devices returned 1 devices/emulators
[TRACE] adb devices returned 1 devices/emulators
[TRACE] adb devices returned 1 devices/emulators
[TRACE] adb devices returned 1 devices/emulators
[TRACE] adb devices returned 1 devices/emulators
[TRACE] adb devices returned 1 devices/emulators
[TRACE] adb devices returned 1 devices/emulators
[TRACE] adb devices returned 1 devices/emulators
[TRACE] adb devices returned 1 devices/emulators
[TRACE] adb devices returned 1 devices/emulators
[TRACE] adb devices returned 1 devices/emulators
[TRACE] adb devices returned 1 devices/emulators
